[2024/4/2 15:14:28] 程序启动
[2024/4/2 15:14:44] SMU软面板-开始
[2024/4/2 15:14:48] SMU软面板-修改SMU1电流范围 >> Range 4(Max 200uA)
[2024/4/2 15:14:52] SMU软面板-修改SMU1 OSR >> 128
[2024/4/2 15:14:55] SMU软面板-修改SMU1电压 >> 10
[2024/4/2 15:14:58] SMU软面板-修改SMU2电流范围 >> Range 2(Max 20mA)
[2024/4/2 15:15:01] SMU软面板-修改SMU2 OSR >> 128
[2024/4/2 15:15:04] SMU软面板-修改SMU2 电压 >> 10
[2024/4/2 15:15:08] SMU软面板-修改SMU1状态 >> ON
[2024/4/2 15:15:09] SMU软面板-修改SMU2状态 >> ON
[2024/4/2 15:15:47] FGEN软面板-启动
[2024/4/2 15:15:49] FGEN软面板-修改启用状态 >> TRUE
[2024/4/2 15:15:49] FGEN软面板-修改标准波形参数 >> {Type:Sine;Frequency:5M;Amplitude:100m;Duty Cycle:50;DC Offset:0}
[2024/4/2 15:15:56] OSC软面板-通道0参数修改 >> Enable:FALSE
[2024/4/2 15:15:57] OSC软面板-通道0参数修改 >> Enable:TRUE
[2024/4/2 15:16:04] OSC软面板-通道0参数修改 >> Voltage Level:400mV
[2024/4/2 15:16:18] OSC软面板-时间参数修改 >> Timebase Level:500ns
[2024/4/2 15:16:22] OSC软面板-时间参数修改 >> Horizontal Position(%):50
[2024/4/2 15:16:29] OSC软面板-运行
[2024/4/2 15:16:36] OSC软面板-时间参数修改 >> Timebase Level:200ns
[2024/4/2 15:16:41] OSC软面板-停止[2024/4/2 15:17:42] CV曲线软面板-修改配置
[2024/4/2 15:17:44] CV曲线软面板-修改配置 >> {Current Range:Range 2(Max 20mA)}
[2024/4/2 15:17:46] CV曲线软面板-修改配置 >> {OSR:128}
[2024/4/2 15:17:47] CV曲线软面板-修改配置 >> {NoiseRed:FALSE}
[2024/4/2 15:17:48] CV曲线软面板-修改配置 >> {NoiseRed:TRUE}
[2024/4/2 15:17:51] CV曲线软面板-修改配置
[2024/4/2 15:17:53] CV曲线软面板-修改配置
[2024/4/2 15:17:55] CV曲线软面板-修改配置 >> {SMUSweep-StepV:500m}
[2024/4/2 15:17:58] CV曲线软面板-修改配置 >> [100,1k,2k]
[2024/4/2 15:18:00] CV曲线软面板-修改配置 >> [100,1k,2k]
[2024/4/2 15:18:02] CV曲线软面板-修改配置 >> [100,1k,2k]
[2024/4/2 15:18:06] CV曲线软面板-扫描